
> hilmost_toolbox_web@0.1.0 build
> next build

‚ö† Specified "headers" will not automatically work with "output: export". See more info here: https://nextjs.org/docs/messages/export-no-custom-routes
‚Ė≤ Next.js 16.2.9 (Turbopack)

  Creating an optimized production build ...
‚ö† Specified "headers" will not automatically work with "output: export". See more info here: https://nextjs.org/docs/messages/export-no-custom-routes
‚úď Compiled successfully in 40s
  Running TypeScript ...
  Finished TypeScript in 13.9s ...
  Collecting page data using 11 workers ...
  Generating static pages using 11 workers (0/377) ...
Warning: Please use the `legacy` build in Node.js environments.
  Generating static pages using 11 workers (94/377) 
  Generating static pages using 11 workers (188/377) 
  Generating static pages using 11 workers (282/377) 
‚úď Generating static pages using 11 workers (377/377) in 11.4s
  Finalizing page optimization ...
‚ö† rewrites, redirects, and headers are not applied when exporting your application, detected (headers). See more info here: https://nextjs.org/docs/messages/export-no-custom-routes

Route (app)
‚ĒĆ ‚óč /
‚Ēú ‚óč /_not-found
‚Ēú ∆í /api/indexnow
‚Ēú ‚óč /calculators
‚Ēú ‚óč /calculators/astrophysics
‚Ēú ‚óŹ /calculators/astrophysics/[slug]
‚Ēā ‚Ēú /calculators/astrophysics/gravitational-force
‚Ēā ‚Ēú /calculators/astrophysics/orbital-velocity
‚Ēā ‚Ēú /calculators/astrophysics/escape-velocity
‚Ēā ‚ĒĒ [+2 more paths]
‚Ēú ‚óč /calculators/equation-solver
‚Ēú ‚óŹ /calculators/equation-solver/[slug]
‚Ēā ‚Ēú /calculators/equation-solver/newtons-second-law
‚Ēā ‚Ēú /calculators/equation-solver/kinetic-energy
‚Ēā ‚Ēú /calculators/equation-solver/ideal-gas-law
‚Ēā ‚ĒĒ /calculators/equation-solver/ohms-law
‚Ēú ‚óč /calculators/scientific
‚Ēú ‚óč /calculators/standard
‚Ēú ‚óč /converters
‚Ēú ‚óč /converters/age-calculator
‚Ēú ‚óč /converters/area
‚Ēú ‚óŹ /converters/area/[slug]
‚Ēā ‚Ēú /converters/area/square-meter-to-square-kilometer
‚Ēā ‚Ēú /converters/area/square-meter-to-square-centimeter
‚Ēā ‚Ēú /converters/area/square-meter-to-square-millimeter
‚Ēā ‚ĒĒ [+57 more paths]
‚Ēú ‚óč /converters/data-storage
‚Ēú ‚óč /converters/length
‚Ēú ‚óŹ /converters/length/[slug]
‚Ēā ‚Ēú /converters/length/meters-to-kilometers
‚Ēā ‚Ēú /converters/length/meters-to-centimeters
‚Ēā ‚Ēú /converters/length/meters-to-millimeters
‚Ēā ‚ĒĒ [+53 more paths]
‚Ēú ‚óč /converters/percentage
‚Ēú ‚óč /converters/temperature
‚Ēú ‚óŹ /converters/temperature/[slug]
‚Ēā ‚Ēú /converters/temperature/celsius-to-fahrenheit
‚Ēā ‚Ēú /converters/temperature/celsius-to-kelvin
‚Ēā ‚Ēú /converters/temperature/fahrenheit-to-celsius
‚Ēā ‚ĒĒ [+3 more paths]
‚Ēú ‚óč /converters/time
‚Ēú ‚óč /converters/time-zone
‚Ēú ‚óč /converters/unix-time
‚Ēú ‚óč /converters/weight-mass
‚Ēú ‚óŹ /converters/weight-mass/[slug]
‚Ēā ‚Ēú /converters/weight-mass/kilograms-to-grams
‚Ēā ‚Ēú /converters/weight-mass/kilograms-to-milligrams
‚Ēā ‚Ēú /converters/weight-mass/kilograms-to-metric-tons
‚Ēā ‚ĒĒ [+39 more paths]
‚Ēú ‚óč /cookie-policy
‚Ēú ‚óč /dx
‚Ēú ‚óč /dx/color-picker
‚Ēú ‚óč /dx/json-formatter
‚Ēú ‚óč /dx/jwt-decoder
‚Ēú ‚óč /dx/password-generator
‚Ēú ‚óč /dx/qr-code-generator
‚Ēú ‚óč /dx/regex-tester
‚Ēú ‚óč /editorial-policy
‚Ēú ‚óč /education
‚Ēú ‚óč /education/gpa-calculator
‚Ēú ‚óč /finance
‚Ēú ‚óč /finance/budget-planner
‚Ēú ‚óč /finance/compound-interest
‚Ēú ‚óč /finance/currency
‚Ēú ‚óŹ /finance/currency/[slug]
‚Ēā ‚Ēú /finance/currency/usd-to-eur
‚Ēā ‚Ēú /finance/currency/usd-to-gbp
‚Ēā ‚Ēú /finance/currency/usd-to-jpy
‚Ēā ‚ĒĒ [+107 more paths]
‚Ēú ‚óč /finance/earnings-per-share-calculator
‚Ēú ‚óč /finance/income-tax
‚Ēú ‚óč /finance/inflation
‚Ēú ‚óč /finance/loan-calculator
‚Ēú ‚óč /finance/retirement-planner
‚Ēú ‚óč /finance/salary-converter
‚Ēú ‚óŹ /finance/salary-converter/[slug]
‚Ēā ‚Ēú /finance/salary-converter/hourly-to-salary
‚Ēā ‚Ēú /finance/salary-converter/salary-to-hourly
‚Ēā ‚Ēú /finance/salary-converter/monthly-to-hourly
‚Ēā ‚ĒĒ [+2 more paths]
‚Ēú ‚óč /finance/tip-calculator
‚Ēú ‚óč /finance/vat-tax
‚Ēú ‚óč /finance/wacc-calculator
‚Ēú ‚óč /guides
‚Ēú ‚óŹ /guides/[slug]
‚Ēā ‚Ēú /guides/calculate-monthly-loan-repayments
‚Ēā ‚Ēú /guides/how-compound-interest-works
‚Ēā ‚Ēú /guides/bmi-calculator-score-meaning
‚Ēā ‚ĒĒ [+3 more paths]
‚Ēú ‚óč /health
‚Ēú ‚óč /health/bmi-calculator
‚Ēú ‚óč /health/calorie-macro-calculator
‚Ēú ‚óč /health/daily-wisdom
‚Ēú ‚óč /health/daily-wisdom/admin/seed
‚Ēú ‚óč /health/daily-wisdom/cookie-policy
‚Ēú ‚óč /health/daily-wisdom/favorites
‚Ēú ‚óč /health/daily-wisdom/journal
‚Ēú ‚óč /health/daily-wisdom/library
‚Ēú ‚óč /health/daily-wisdom/privacy-policy
‚Ēú ‚óč /health/daily-wisdom/profile
‚Ēú ‚óč /health/daily-wisdom/terms-of-service
‚Ēú ‚óč /icon.svg
‚Ēú ‚óč /knowledge-base
‚Ēú ‚óŹ /knowledge-base/[slug]
‚Ēā ‚Ēú /knowledge-base/understanding-compound-interest
‚Ēā ‚Ēú /knowledge-base/what-is-body-mass-index
‚Ēā ‚Ēú /knowledge-base/unix-epoch-time-explained
‚Ēā ‚ĒĒ [+5 more paths]
‚Ēú ‚óč /pdf-tools
‚Ēú ‚óč /pdf-tools/delete-pages
‚Ēú ‚óč /pdf-tools/merge-pdf
‚Ēú ‚óč /pdf-tools/rotate-pdf
‚Ēú ‚óč /pdf-tools/split-pdf
‚Ēú ‚óč /privacy-policy
‚Ēú ‚óč /sitemap.xml
‚Ēú ‚óč /terms-of-service
‚Ēú ‚óč /text-data
‚Ēú ‚óč /text-data/base64-encode
‚Ēú ‚óŹ /text-data/base64-encode/[slug]
‚Ēā ‚Ēú /text-data/base64-encode/base64-encode
‚Ēā ‚ĒĒ /text-data/base64-encode/base64-decode
‚Ēú ‚óč /text-data/md5-hash
‚Ēú ‚óč /text-data/text-case-converter
‚Ēú ‚óč /text-data/word-count
‚ĒĒ ‚óč /text-data/word-unscrambler


‚óč  (Static)   prerendered as static content
‚óŹ  (SSG)      prerendered as static HTML (uses generateStaticParams)
∆í  (Dynamic)  server-rendered on demand

