
> hilmost_main@0.1.0 build
> next build

⚠ Specified "headers" will not automatically work with "output: export". See more info here: https://nextjs.org/docs/messages/export-no-custom-routes
▲ Next.js 16.2.9 (Turbopack)

  Creating an optimized production build ...
⚠ Specified "headers" will not automatically work with "output: export". See more info here: https://nextjs.org/docs/messages/export-no-custom-routes
✓ Compiled successfully in 8.5s
  Running TypeScript ...
  Finished TypeScript in 7.3s ...
  Collecting page data using 11 workers ...
  Generating static pages using 11 workers (0/16) ...
  Generating static pages using 11 workers (4/16) 
  Generating static pages using 11 workers (8/16) 
  Generating static pages using 11 workers (12/16) 
⚠ rewrites, redirects, and headers are not applied when exporting your application, detected (headers). See more info here: https://nextjs.org/docs/messages/export-no-custom-routes
✓ Generating static pages using 11 workers (16/16) in 3.4s
  Finalizing page optimization ...

Route (app)
┌ ○ /
├ ○ /_not-found
├ ○ /.well-known/api-catalog
├ ○ /about
├ ○ /careers
├ ○ /contact
├ ○ /cookie-policy
├ ○ /healthhub
├ ○ /icon.svg
├ ○ /privacy-policy
├ ○ /sitemap.xml
├ ○ /softwarehub
├ ○ /softwarehub/apps
├ ○ /softwarehub/games
└ ○ /terms-of-service


○  (Static)  prerendered as static content

