
> hilmost_corporate@0.1.0 build
> next build

▲ Next.js 16.2.9 (Turbopack)

  Creating an optimized production build ...
✓ Compiled successfully in 6.8s
  Running TypeScript ...
  Finished TypeScript in 5.8s ...
  Collecting page data using 11 workers ...
  Generating static pages using 11 workers (0/19) ...
  Generating static pages using 11 workers (4/19) 
  Generating static pages using 11 workers (9/19) 
  Generating static pages using 11 workers (14/19) 
✓ Generating static pages using 11 workers (19/19) in 952ms
  Finalizing page optimization ...

Route (app)
┌ ○ /
├ ○ /_not-found
├ ○ /.well-known/api-catalog
├ ○ /about
├ ○ /blog
├ ○ /blog/self-improvement-distracted-world
├ ○ /blog/why-we-built-the-toolbox
├ ○ /careers
├ ○ /contact
├ ○ /cookie-policy
├ ○ /healthhub
├ ○ /icon.svg
├ ○ /privacy-policy
├ ○ /sitemap.xml
├ ○ /softwarehub
├ ○ /softwarehub/apps
├ ○ /softwarehub/games
└ ○ /terms-of-service


○  (Static)  prerendered as static content

